#
# There is insufficient memory for the Java Runtime Environment to continue.
# Native memory allocation (mmap) failed to map 132120576 bytes for G1 virtual space
# Possible reasons:
#   The system is out of physical RAM or swap space
#   The process is running with CompressedOops enabled, and the Java Heap may be blocking the growth of the native heap
# Possible solutions:
#   Reduce memory load on the system
#   Increase physical memory or swap space
#   Check if swap backing store is full
#   Decrease Java heap size (-Xmx/-Xms)
#   Decrease number of Java threads
#   Decrease Java thread stack sizes (-Xss)
#   Set larger code cache with -XX:ReservedCodeCacheSize=
#   JVM is running with Unscaled Compressed Oops mode in which the Java heap is
#     placed in the first 4GB address space. The Java Heap base address is the
#     maximum limit for the native heap growth. Please use -XX:HeapBaseMinAddress
#     to set the Java Heap base and to place the Java Heap above 4GB virtual address.
# This output file may be truncated or incomplete.
#
#  Out of Memory Error (os_windows.cpp:3550), pid=4032, tid=5224
#
# JRE version:  (17.0.8+9) (build )
# Java VM: Java HotSpot(TM) 64-Bit Server VM (17.0.8+9-LTS-211, mixed mode, sharing, tiered, compressed oops, compressed class ptrs, g1 gc, windows-amd64)
# No core dump will be written. Minidumps are not enabled by default on client versions of Windows
#

---------------  S U M M A R Y ------------

Command Line: -Dnet.bytebuddy.agent.attacher.dump= net.bytebuddy.agent.Attacher com.sun.tools.attach.VirtualMachine 20416 C:\Users\USER\.m2\repository\net\bytebuddy\byte-buddy-agent\1.14.8\byte-buddy-agent-1.14.8.jar false 

Host: Intel(R) Core(TM) i5-8265U CPU @ 1.60GHz, 8 cores, 7G,  Windows 11 , 64 bit Build 22621 (10.0.22621.2506)
Time: Sat Dec 16 11:44:36 2023 Paris, Madrid elapsed time: 0.011483 seconds (0d 0h 0m 0s)

---------------  T H R E A D  ---------------

Current thread (0x000002db0a98a9c0):  JavaThread "Unknown thread" [_thread_in_vm, id=5224, stack(0x000000e5eff00000,0x000000e5f0000000)]

Stack: [0x000000e5eff00000,0x000000e5f0000000]
Native frames: (J=compiled Java code, j=interpreted, Vv=VM code, C=native code)
V  [jvm.dll+0x677d0a]
V  [jvm.dll+0x7d8c54]
V  [jvm.dll+0x7da3fe]
V  [jvm.dll+0x7daa63]
V  [jvm.dll+0x245c5f]
V  [jvm.dll+0x674bb9]
V  [jvm.dll+0x6694f2]
V  [jvm.dll+0x3031d6]
V  [jvm.dll+0x30a756]
V  [jvm.dll+0x359f9e]
V  [jvm.dll+0x35a1cf]
V  [jvm.dll+0x2da3e8]
V  [jvm.dll+0x2db354]
V  [jvm.dll+0x7aa711]
V  [jvm.dll+0x367b51]
V  [jvm.dll+0x789979]
V  [jvm.dll+0x3eb05f]
V  [jvm.dll+0x3ecae1]
C  [jli.dll+0x5297]
C  [ucrtbase.dll+0x29363]
C  [KERNEL32.DLL+0x1257d]
C  [ntdll.dll+0x5aa58]


---------------  P R O C E S S  ---------------

Threads class SMR info:
_java_thread_list=0x00007ff944d759d8, length=0, elements={
}

Java Threads: ( => current thread )

Other Threads:
  0x000002db0a9e4f00 GCTaskThread "GC Thread#0" [stack: 0x000000e5f0000000,0x000000e5f0100000] [id=11644]
  0x000002db0a9f5840 ConcurrentGCThread "G1 Main Marker" [stack: 0x000000e5f0100000,0x000000e5f0200000] [id=22920]
  0x000002db0a9f69f0 ConcurrentGCThread "G1 Conc#0" [stack: 0x000000e5f0200000,0x000000e5f0300000] [id=23992]

[error occurred during error reporting (printing all threads), id 0xc0000005, EXCEPTION_ACCESS_VIOLATION (0xc0000005) at pc=0x00007ff9445ab047]

VM state: not at safepoint (not fully initialized)

VM Mutex/Monitor currently owned by a thread:  ([mutex/lock_event])
[0x000002db0a987f50] Heap_lock - owner thread: 0x000002db0a98a9c0

Heap address: 0x0000000083000000, size: 2000 MB, Compressed Oops mode: 32-bit

CDS archive(s) mapped at: [0x0000000000000000-0x0000000000000000-0x0000000000000000), size 0, SharedBaseAddress: 0x0000000800000000, ArchiveRelocationMode: 1.
Narrow klass base: 0x0000000000000000, Narrow klass shift: 0, Narrow klass range: 0x0

GC Precious Log:
<Empty>

Heap:
 garbage-first heap   total 0K, used 0K [0x0000000083000000, 0x0000000100000000)
  region size 1024K, 0 young (0K), 0 survivors (0K)

[error occurred during error reporting (printing heap information), id 0xc0000005, EXCEPTION_ACCESS_VIOLATION (0xc0000005) at pc=0x00007ff944991499]

GC Heap History (0 events):
No events

Deoptimization events (0 events):
No events

Classes unloaded (0 events):
No events

Classes redefined (0 events):
No events

Internal exceptions (0 events):
No events

VM Operations (0 events):
No events

Events (1 events):
Event: 0.006 Loaded shared library C:\Users\USER\Desktop\Apps\jdk-17_windows-x64_bin\jdk-17.0.8\bin\java.dll


Dynamic libraries:
0x00007ff738c90000 - 0x00007ff738ca0000 	C:\Users\USER\Desktop\Apps\jdk-17_windows-x64_bin\jdk-17.0.8\bin\java.exe
0x00007ff9ac9d0000 - 0x00007ff9acbe7000 	C:\Windows\SYSTEM32\ntdll.dll
0x00007ff9aab00000 - 0x00007ff9aabc4000 	C:\Windows\System32\KERNEL32.DLL
0x00007ff9aa370000 - 0x00007ff9aa716000 	C:\Windows\System32\KERNELBASE.dll
0x00007ff9a9db0000 - 0x00007ff9a9ec1000 	C:\Windows\System32\ucrtbase.dll
0x00007ff9a0210000 - 0x00007ff9a0229000 	C:\Users\USER\Desktop\Apps\jdk-17_windows-x64_bin\jdk-17.0.8\bin\jli.dll
0x00007ff99f0a0000 - 0x00007ff99f0bb000 	C:\Users\USER\Desktop\Apps\jdk-17_windows-x64_bin\jdk-17.0.8\bin\VCRUNTIME140.dll
0x00007ff9ac850000 - 0x00007ff9ac901000 	C:\Windows\System32\ADVAPI32.dll
0x00007ff9abae0000 - 0x00007ff9abb87000 	C:\Windows\System32\msvcrt.dll
0x00007ff9abd40000 - 0x00007ff9abde5000 	C:\Windows\System32\sechost.dll
0x00007ff9aa8a0000 - 0x00007ff9aa9b7000 	C:\Windows\System32\RPCRT4.dll
0x00007ff9ab3a0000 - 0x00007ff9ab54e000 	C:\Windows\System32\USER32.dll
0x00007ff9a9ed0000 - 0x00007ff9a9ef6000 	C:\Windows\System32\win32u.dll
0x00007ff98eb00000 - 0x00007ff98ed93000 	C:\Windows\WinSxS\amd64_microsoft.windows.common-controls_6595b64144ccf1df_6.0.22621.2506_none_270c5ae97388e100\COMCTL32.dll
0x00007ff9ac800000 - 0x00007ff9ac829000 	C:\Windows\System32\GDI32.dll
0x00007ff9a9fc0000 - 0x00007ff9aa0d8000 	C:\Windows\System32\gdi32full.dll
0x00007ff9aa2d0000 - 0x00007ff9aa36a000 	C:\Windows\System32\msvcp_win.dll
0x00007ff99f820000 - 0x00007ff99f82a000 	C:\Windows\SYSTEM32\VERSION.dll
0x00007ff9ab360000 - 0x00007ff9ab391000 	C:\Windows\System32\IMM32.DLL
0x00007ff9a02c0000 - 0x00007ff9a02cc000 	C:\Users\USER\Desktop\Apps\jdk-17_windows-x64_bin\jdk-17.0.8\bin\vcruntime140_1.dll
0x00007ff983680000 - 0x00007ff98370e000 	C:\Users\USER\Desktop\Apps\jdk-17_windows-x64_bin\jdk-17.0.8\bin\msvcp140.dll
0x00007ff9442c0000 - 0x00007ff944e9e000 	C:\Users\USER\Desktop\Apps\jdk-17_windows-x64_bin\jdk-17.0.8\bin\server\jvm.dll
0x00007ff9aa870000 - 0x00007ff9aa878000 	C:\Windows\System32\PSAPI.DLL
0x00007ff99f830000 - 0x00007ff99f864000 	C:\Windows\SYSTEM32\WINMM.dll
0x00007ff994030000 - 0x00007ff994039000 	C:\Windows\SYSTEM32\WSOCK32.dll
0x00007ff9ac910000 - 0x00007ff9ac981000 	C:\Windows\System32\WS2_32.dll
0x00007ff9a8df0000 - 0x00007ff9a8e08000 	C:\Windows\SYSTEM32\kernel.appcore.dll
0x00007ff99fea0000 - 0x00007ff99feaa000 	C:\Users\USER\Desktop\Apps\jdk-17_windows-x64_bin\jdk-17.0.8\bin\jimage.dll
0x00007ff9a1120000 - 0x00007ff9a1353000 	C:\Windows\SYSTEM32\DBGHELP.DLL
0x00007ff9aae10000 - 0x00007ff9ab199000 	C:\Windows\System32\combase.dll
0x00007ff9aa9d0000 - 0x00007ff9aaaa7000 	C:\Windows\System32\OLEAUT32.dll
0x00007ff99ec10000 - 0x00007ff99ec42000 	C:\Windows\SYSTEM32\dbgcore.DLL
0x00007ff9aa0e0000 - 0x00007ff9aa15a000 	C:\Windows\System32\bcryptPrimitives.dll
0x00007ff99eee0000 - 0x00007ff99ef05000 	C:\Users\USER\Desktop\Apps\jdk-17_windows-x64_bin\jdk-17.0.8\bin\java.dll

dbghelp: loaded successfully - version: 4.0.5 - missing functions: none
symbol engine: initialized successfully - sym options: 0x614 - pdb path: .;C:\Users\USER\Desktop\Apps\jdk-17_windows-x64_bin\jdk-17.0.8\bin;C:\Windows\SYSTEM32;C:\Windows\WinSxS\amd64_microsoft.windows.common-controls_6595b64144ccf1df_6.0.22621.2506_none_270c5ae97388e100;C:\Users\USER\Desktop\Apps\jdk-17_windows-x64_bin\jdk-17.0.8\bin\server

VM Arguments:
jvm_args: -Dnet.bytebuddy.agent.attacher.dump= 
java_command: net.bytebuddy.agent.Attacher com.sun.tools.attach.VirtualMachine 20416 C:\Users\USER\.m2\repository\net\bytebuddy\byte-buddy-agent\1.14.8\byte-buddy-agent-1.14.8.jar false 
java_class_path (initial): C:\Users\USER\.m2\repository\net\bytebuddy\byte-buddy-agent\1.14.8\byte-buddy-agent-1.14.8.jar
Launcher Type: SUN_STANDARD

[Global flags]
     intx CICompilerCount                          = 4                                         {product} {ergonomic}
     uint ConcGCThreads                            = 2                                         {product} {ergonomic}
     uint G1ConcRefinementThreads                  = 8                                         {product} {ergonomic}
   size_t G1HeapRegionSize                         = 1048576                                   {product} {ergonomic}
    uintx GCDrainStackTargetSize                   = 64                                        {product} {ergonomic}
   size_t InitialHeapSize                          = 132120576                                 {product} {ergonomic}
   size_t MarkStackSize                            = 4194304                                   {product} {ergonomic}
   size_t MaxHeapSize                              = 2097152000                                {product} {ergonomic}
   size_t MinHeapDeltaBytes                        = 1048576                                   {product} {ergonomic}
   size_t MinHeapSize                              = 8388608                                   {product} {ergonomic}
    uintx NonNMethodCodeHeapSize                   = 5839372                                {pd product} {ergonomic}
    uintx NonProfiledCodeHeapSize                  = 122909434                              {pd product} {ergonomic}
    uintx ProfiledCodeHeapSize                     = 122909434                              {pd product} {ergonomic}
    uintx ReservedCodeCacheSize                    = 251658240                              {pd product} {ergonomic}
     bool SegmentedCodeCache                       = true                                      {product} {ergonomic}
   size_t SoftMaxHeapSize                          = 2097152000                             {manageable} {ergonomic}
     bool UseCompressedClassPointers               = true                           {product lp64_product} {ergonomic}
     bool UseCompressedOops                        = true                           {product lp64_product} {ergonomic}
     bool UseG1GC                                  = true                                      {product} {ergonomic}
     bool UseLargePagesIndividualAllocation        = false                                  {pd product} {ergonomic}

Logging:
Log output configuration:
 #0: stdout all=warning uptime,level,tags
 #1: stderr all=off uptime,level,tags

Environment Variables:
JAVA_HOME=C:\Users\USER\Desktop\Apps\jdk-17_windows-x64_bin\jdk-17.0.8
PATH=C:\Windows\system32;C:\Windows;C:\Windows\System32\Wbem;C:\Windows\System32\WindowsPowerShell\v1.0\;C:\Windows\System32\OpenSSH\;C:\Users\USER\Desktop\Apps\jdk-17_windows-x64_bin\jdk-17.0.8\bin;C:\Users\USER\Desktop\Apps\apache-maven-3.9.4-bin\apache-maven-3.9.4\bin;C:\ProgramData\chocolatey\bin;C:\Users\USER\Desktop\Apps\gradle-8.3-bin\gradle-8.3\bin;C:\Program Files\Git\cmd;C:\Users\USER\Desktop\Apps\sonarqube-10.2.1.78527\sonarqube-10.2.1.78527\bin;C:\Users\USER\Desktop\Apps\sonar-scanner-cli-5.0.1.3006-windows\sonar-scanner-5.0.1.3006-windows\bin;C:\Program Files\nodejs\;C:\Program Files\Docker\Docker\resources\bin;C:\Program Files\PowerShell\7-preview\preview;C:\Users\USER\Desktop\Apps\flutter_windows_3.13.9-stable\flutter\bin;C:\Program Files\Go\bin;C:\Program Files\PowerShell\7\;C:\Users\USER\AppData\Local\Microsoft\WindowsApps;;C:\Program Files\JetBrains\IntelliJ IDEA 2023.2.2\bin;;C:\Users\USER\AppData\Local\Programs\Microsoft VS Code\bin;C:\Users\USER\AppData\Local\Coursier\data\bin;C:\Users\USER\AppData\Roaming\npm;C:\Users\USER\.fly\bin;C:\Users\USER\go\bin
USERNAME=USER
OS=Windows_NT
PROCESSOR_IDENTIFIER=Intel64 Family 6 Model 142 Stepping 12, GenuineIntel



---------------  S Y S T E M  ---------------

OS:
 Windows 11 , 64 bit Build 22621 (10.0.22621.2506)
OS uptime: 3 days 7:53 hours
Hyper-V role detected

CPU: total 8 (initial active 8) (4 cores per cpu, 2 threads per core) family 6 model 142 stepping 12 microcode 0xde, cx8, cmov, fxsr, ht, mmx, 3dnowpref, sse, sse2, sse3, ssse3, sse4.1, sse4.2, popcnt, lzcnt, tsc, tscinvbit, avx, avx2, aes, erms, clmul, bmi1, bmi2, adx, fma, vzeroupper, clflush, clflushopt, hv

Memory: 4k page, system-wide physical 7999M (700M free)
TotalPageFile size 32575M (AvailPageFile size 51M)
current process WorkingSet (physical memory assigned to process): 11M, peak: 11M
current process commit charge ("private bytes"): 60M, peak: 186M

vm_info: Java HotSpot(TM) 64-Bit Server VM (17.0.8+9-LTS-211) for windows-amd64 JRE (17.0.8+9-LTS-211), built on Jun 14 2023 10:34:31 by "mach5one" with MS VC++ 17.1 (VS2022)

END.
